<?xml version="1.0" encoding="UTF-8"?>
<!-- Generated by org.testng.reporters.JUnitReportReporter -->
<testsuite hostname="QT-INNO-LT0926" failures="0" tests="4" name="com.sample.DemoProject.Demo" time="2.903" errors="0" timestamp="2021-09-10T18:22:38 IST" skipped="0">
  <testcase classname="com.sample.DemoProject.Demo" name="Test00_Clicking_the_first_button" time="1.466"/>
  <system-out/>
  <testcase classname="com.sample.DemoProject.Demo" name="Test02_Verify_User_Can_Enter_Their_Email_Address" time="0.170"/>
  <system-out/>
  <testcase classname="com.sample.DemoProject.Demo" name="Test01_Verify_Url_Launch_Successfully" time="0.056"/>
  <system-out/>
  <testcase classname="com.sample.DemoProject.Demo" name="Test03_clicking_the_button" time="1.211"/>
  <system-out/>
</testsuite> <!-- com.sample.DemoProject.Demo -->
