<?xml version="1.0" encoding="UTF-8"?>
<!-- Generated by org.testng.reporters.JUnitReportReporter -->
<testsuite hostname="QT-INNO-LT0926" failures="0" tests="3" name="com.sample.DemoProject.Demologin" time="26.216" errors="0" timestamp="2021-09-13T22:10:01 IST" skipped="0">
  <testcase classname="com.sample.DemoProject.Demologin" name="Test02" time="4.509"/>
  <system-out/>
  <testcase classname="com.sample.DemoProject.Demologin" name="Test01" time="21.503"/>
  <system-out/>
  <testcase classname="com.sample.DemoProject.Demologin" name="Test00" time="0.204"/>
  <system-out/>
</testsuite> <!-- com.sample.DemoProject.Demologin -->
