<?xml version="1.0" encoding="UTF-8"?>
<!-- Generated by org.testng.reporters.JUnitReportReporter -->
<testsuite hostname="QT-INNO-LT0926" failures="0" tests="2" name="com.sample.DemoProject.Frames" time="8.368" errors="0" timestamp="2021-09-09T13:18:43 IST" skipped="0">
  <testcase classname="com.sample.DemoProject.Frames" name="Test02" time="4.201"/>
  <system-out/>
  <testcase classname="com.sample.DemoProject.Frames" name="Test01" time="4.167"/>
  <system-out/>
</testsuite> <!-- com.sample.DemoProject.Frames -->
