<?xml version="1.0" encoding="UTF-8"?>
<!-- Generated by org.testng.reporters.JUnitReportReporter -->
<testsuite hostname="QT-INNO-LT0926" failures="0" tests="1" name="com.sample.DemoProject.Toolsqa" time="0.010" errors="0" timestamp="2021-09-10T18:12:08 IST" skipped="0">
  <testcase classname="com.sample.DemoProject.Toolsqa" name="Test01" time="0.010"/>
  <system-out/>
</testsuite> <!-- com.sample.DemoProject.Toolsqa -->
